Started GET "/" for 127.0.0.1 at 2018-07-13 01:35:16 +0200
Processing by Rails::WelcomeController#index as HTML
  Rendering /Library/Ruby/Gems/2.3.0/gems/railties-5.2.0/lib/rails/templates/rails/welcome/index.html.erb
  Rendered /Library/Ruby/Gems/2.3.0/gems/railties-5.2.0/lib/rails/templates/rails/welcome/index.html.erb (375.4ms)
Completed 200 OK in 1310ms (Views: 1189.0ms | ActiveRecord: 0.0ms)


Started GET "/" for 127.0.0.1 at 2018-07-13 01:35:39 +0200
Processing by Rails::WelcomeController#index as HTML
  Rendering /Library/Ruby/Gems/2.3.0/gems/railties-5.2.0/lib/rails/templates/rails/welcome/index.html.erb
  Rendered /Library/Ruby/Gems/2.3.0/gems/railties-5.2.0/lib/rails/templates/rails/welcome/index.html.erb (6.1ms)
Completed 200 OK in 19ms (Views: 11.3ms | ActiveRecord: 0.0ms)


Started GET "/" for 127.0.0.1 at 2018-07-13 01:36:37 +0200
Processing by PagesController#home as HTML
  Rendering pages/home.html.erb within layouts/application
  Rendered pages/home.html.erb within layouts/application (49918.2ms)
Completed 500 Internal Server Error in 49982ms (ActiveRecord: 0.0ms)


  
ActionView::Template::Error (Asset was not declared to be precompiled in production.
Add `Rails.application.config.assets.precompile += %w( bootstrap.css )` to `config/initializers/assets.rb` and restart your server):
     6:     <%= csp_meta_tag %>
     7: 
     8:     <%= stylesheet_link_tag    'application', media: 'all', 'data-turbolinks-track': 'reload' %>
     9:     <%= stylesheet_link_tag    'bootstrap', media: 'all', 'data-turbolinks-track': 'reload' %>
    10:     <%= stylesheet_link_tag    'consoleosx', media: 'all', 'data-turbolinks-track': 'reload' %>
    11:     <%= stylesheet_link_tag    'main', media: 'all', 'data-turbolinks-track': 'reload' %>
    12:     <%= stylesheet_link_tag    'mecanica', media: 'all', 'data-turbolinks-track': 'reload' %>
  
app/views/pages/home.html.erb:9:in `_app_views_pages_home_html_erb___2428407467851634284_70188445554260'
Started GET "/" for 127.0.0.1 at 2018-07-13 01:40:00 +0200
Processing by PagesController#home as HTML
  Rendering pages/home.html.erb within layouts/application
  Rendered pages/home.html.erb within layouts/application (12765.5ms)
Completed 500 Internal Server Error in 12809ms (ActiveRecord: 0.0ms)


  
ActionView::Template::Error (Asset was not declared to be precompiled in production.
Add `Rails.application.config.assets.precompile += %w( consoleosx.css )` to `config/initializers/assets.rb` and restart your server):
     6:     <%= csp_meta_tag %>
     7: 
     8:     <%= stylesheet_link_tag    'application', media: 'all', 'data-turbolinks-track': 'reload' %>
     9:     <%= stylesheet_link_tag    'consoleosx', media: 'all', 'data-turbolinks-track': 'reload' %>
    10:     <%= stylesheet_link_tag    'main', media: 'all', 'data-turbolinks-track': 'reload' %>
    11:     <%= stylesheet_link_tag    'mecanica', media: 'all', 'data-turbolinks-track': 'reload' %>
    12:     <%= stylesheet_link_tag    'media', media: 'all', 'data-turbolinks-track': 'reload' %>
  
app/views/pages/home.html.erb:9:in `_app_views_pages_home_html_erb___2428407467851634284_70188445827180'
  [1m[35m (16.2ms)[0m  [1m[34mSELECT sqlite_version(*)[0m
  ↳ /usr/local/bin/rake:22
  [1m[35m (2.3ms)[0m  [1m[35mCREATE TABLE "schema_migrations" ("version" varchar NOT NULL PRIMARY KEY)[0m
  ↳ /usr/local/bin/rake:22
  [1m[35m (2.0ms)[0m  [1m[35mCREATE TABLE "ar_internal_metadata" ("key" varchar NOT NULL PRIMARY KEY, "value" varchar, "created_at" datetime NOT NULL, "updated_at" datetime NOT NULL)[0m
  ↳ /usr/local/bin/rake:22
  [1m[35m (0.3ms)[0m  [1m[34mSELECT "schema_migrations"."version" FROM "schema_migrations" ORDER BY "schema_migrations"."version" ASC[0m
  ↳ /usr/local/bin/rake:22
Migrating to TableBooks (20180712234423)
  [1m[35m (0.3ms)[0m  [1m[34mSELECT "schema_migrations"."version" FROM "schema_migrations" ORDER BY "schema_migrations"."version" ASC[0m
  ↳ /usr/local/bin/rake:22
Migrating to TableBooks (20180712234423)
  [1m[35m (0.2ms)[0m  [1m[34mSELECT "schema_migrations"."version" FROM "schema_migrations" ORDER BY "schema_migrations"."version" ASC[0m
  ↳ /usr/local/bin/rake:22
Migrating to TableBooks (20180712234423)
